  UchifuzumeSearch.cpp
  scout.cpp
  read board.cpp
  quiet.cpp
  print bit board.cpp
  move.cpp
d:\hinata\alexhinata\alexhinata\move.cpp(27): warning C4477: 'printf' : 格式字串 '%d' 需要 'int' 類型的引數，但 variadic 引數 1 的類型為 'U64'
  d:\hinata\alexhinata\alexhinata\move.cpp(27): note: 請考慮在格式字串中使用 '%lld'
  d:\hinata\alexhinata\alexhinata\move.cpp(27): note: 請考慮在格式字串中使用 '%Id'
  d:\hinata\alexhinata\alexhinata\move.cpp(27): note: 請考慮在格式字串中使用 '%I64d'
  minimax.cpp
  main.cpp
  initial.cpp
  hash.cpp
  gen_pro.cpp
  gen_move.cpp
  gen_hand.cpp
  evaluate.cpp
  change.cpp
  bitscan.cpp
  alphabeta.cpp
  正在產生程式碼...
  AlexHinata.vcxproj -> D:\Hinata\AlexHinata\x64\Debug\AlexHinata.exe
  AlexHinata.vcxproj -> D:\Hinata\AlexHinata\x64\Debug\AlexHinata.pdb (Partial PDB)
